<?xml version="1.0" encoding="UTF-8"?>
<testng-results skipped="0" failed="0" ignored="1" total="2" passed="1">
  <reporter-output>
  </reporter-output>
  <suite name="tests.LoginTest" duration-ms="3543" started-at="2021-11-30T18:58:37 EST" finished-at="2021-11-30T18:58:41 EST">
    <groups>
      <group name="regression">
        <method signature="LoginTest.test01()[pri:0, instance:tests.LoginTest@5cb9f472]" name="test01" class="tests.LoginTest"/>
      </group> <!-- regression -->
      <group name="smokeTest">
        <method signature="LoginTest.test01()[pri:0, instance:tests.LoginTest@5cb9f472]" name="test01" class="tests.LoginTest"/>
      </group> <!-- smokeTest -->
    </groups>
    <test name="Command line test" duration-ms="3543" started-at="2021-11-30T18:58:37 EST" finished-at="2021-11-30T18:58:41 EST">
      <class name="tests.LoginTest">
        <test-method status="PASS" signature="startReporter()[pri:0, instance:tests.LoginTest@5cb9f472]" name="startReporter" is-config="true" duration-ms="106" started-at="2021-11-30T18:58:37 EST" finished-at="2021-11-30T18:58:37 EST">
          <reporter-output>
          </reporter-output>
        </test-method> <!-- startReporter -->
        <test-method status="PASS" signature="setUpDriver(java.lang.reflect.Method)[pri:0, instance:tests.LoginTest@5cb9f472]" name="setUpDriver" is-config="true" duration-ms="1882" started-at="2021-11-30T18:58:37 EST" finished-at="2021-11-30T18:58:39 EST">
          <params>
            <param index="0">
              <value>
                <![CDATA[public void tests.LoginTest.test01()]]>
              </value>
            </param>
          </params>
          <reporter-output>
          </reporter-output>
        </test-method> <!-- setUpDriver -->
        <test-method status="PASS" signature="setUp()[pri:0, instance:tests.LoginTest@5cb9f472]" name="setUp" is-config="true" duration-ms="14" started-at="2021-11-30T18:58:39 EST" finished-at="2021-11-30T18:58:39 EST">
          <reporter-output>
          </reporter-output>
        </test-method> <!-- setUp -->
        <test-method status="PASS" signature="test01()[pri:0, instance:tests.LoginTest@5cb9f472]" name="test01" duration-ms="1084" started-at="2021-11-30T18:58:39 EST" description="Verify admin can successfully log in with right credentials" finished-at="2021-11-30T18:58:40 EST">
          <reporter-output>
          </reporter-output>
        </test-method> <!-- test01 -->
        <test-method status="PASS" signature="tearDown(org.testng.ITestResult)[pri:0, instance:tests.LoginTest@5cb9f472]" name="tearDown" is-config="true" duration-ms="550" started-at="2021-11-30T18:58:40 EST" finished-at="2021-11-30T18:58:41 EST">
          <params>
            <param index="0">
              <value>
                <![CDATA[[TestResult name=test01 status=SUCCESS method=LoginTest.test01()[pri:0, instance:tests.LoginTest@5cb9f472] output={null}]]]>
              </value>
            </param>
          </params>
          <reporter-output>
          </reporter-output>
        </test-method> <!-- tearDown -->
        <test-method status="PASS" signature="closeReporter()[pri:0, instance:tests.LoginTest@5cb9f472]" name="closeReporter" is-config="true" duration-ms="155" started-at="2021-11-30T18:58:41 EST" finished-at="2021-11-30T18:58:41 EST">
          <reporter-output>
          </reporter-output>
        </test-method> <!-- closeReporter -->
      </class> <!-- tests.LoginTest -->
    </test> <!-- Command line test -->
  </suite> <!-- tests.LoginTest -->
</testng-results>
